<?xml version="1.0" encoding="UTF-8"?>
<!-- Generated by org.testng.reporters.JUnitReportReporter -->
<testsuite hostname="ITSG002722-MAC" failures="0" tests="1" name="TestNG.DemoTestNG" time="2.631" errors="0" timestamp="2019-10-17T18:43:55 SGT" skipped="0">
  <testcase classname="TestNG.DemoTestNG" name="Test1" time="2.631"/>
</testsuite> <!-- TestNG.DemoTestNG -->
