<?xml version="1.0" encoding="UTF-8"?>
<!-- Generated by org.testng.reporters.JUnitReportReporter -->
<testsuite hostname="ITSG002722-MAC" failures="0" tests="1" name="TestNG.NewTest" time="2.633" errors="0" timestamp="2019-10-17T19:12:15 SGT" skipped="0">
  <testcase classname="TestNG.NewTest" name="openApp" time="2.633"/>
</testsuite> <!-- TestNG.NewTest -->
