<?xml version="1.0" encoding="UTF-8"?>
<!-- Generated by org.testng.reporters.JUnitReportReporter -->
<testsuite hostname="ITSG002722-MAC" failures="0" tests="1" name="testcases.TestCalculatorFeatures" time="4.430" errors="0" timestamp="2020-09-09T00:38:56 SGT" skipped="0">
  <testcase classname="testcases.TestCalculatorFeatures" name="ValidateCalculatorFeatures" time="4.430"/>
</testsuite> <!-- testcases.TestCalculatorFeatures -->
